c:\users\dpali\documents\c++ projects\breakout-sdl\breakout-sdl\x64\debug\vc143.pdb
c:\users\dpali\documents\c++ projects\breakout-sdl\breakout-sdl\x64\debug\vc143.idb
c:\users\dpali\documents\c++ projects\breakout-sdl\breakout-sdl\x64\debug\visualcomponent.obj
c:\users\dpali\documents\c++ projects\breakout-sdl\breakout-sdl\x64\debug\scene.obj
c:\users\dpali\documents\c++ projects\breakout-sdl\breakout-sdl\x64\debug\rectangleshape.obj
c:\users\dpali\documents\c++ projects\breakout-sdl\breakout-sdl\x64\debug\main.obj
c:\users\dpali\documents\c++ projects\breakout-sdl\breakout-sdl\x64\debug\gamemanager.obj
c:\users\dpali\documents\c++ projects\breakout-sdl\breakout-sdl\x64\debug\circleshape.obj
c:\users\dpali\documents\c++ projects\breakout-sdl\breakout-sdl\x64\debug\collisionmanager.obj
c:\users\dpali\documents\c++ projects\breakout-sdl\breakout-sdl\x64\debug\shape.obj
c:\users\dpali\documents\c++ projects\breakout-sdl\breakout-sdl\x64\debug\pointshape.obj
c:\users\dpali\documents\c++ projects\breakout-sdl\breakout-sdl\x64\debug\lineshape.obj
c:\users\dpali\documents\c++ projects\breakout-sdl\x64\debug\breakout-sdl.exe
c:\users\dpali\documents\c++ projects\breakout-sdl\breakout-sdl\x64\debug\breakout-sdl.ilk
c:\users\dpali\documents\c++ projects\breakout-sdl\x64\debug\breakout-sdl.pdb
c:\users\dpali\documents\c++ projects\breakout-sdl\breakout-sdl\x64\debug\gamecomponent.obj
c:\users\dpali\documents\c++ projects\breakout-sdl\breakout-sdl\x64\debug\movingbody.obj
c:\users\dpali\documents\c++ projects\breakout-sdl\breakout-sdl\x64\debug\breakout-sdl.tlog\cl.command.1.tlog
c:\users\dpali\documents\c++ projects\breakout-sdl\breakout-sdl\x64\debug\breakout-sdl.tlog\cl.read.1.tlog
c:\users\dpali\documents\c++ projects\breakout-sdl\breakout-sdl\x64\debug\breakout-sdl.tlog\cl.write.1.tlog
c:\users\dpali\documents\c++ projects\breakout-sdl\breakout-sdl\x64\debug\breakout-sdl.tlog\link.command.1.tlog
c:\users\dpali\documents\c++ projects\breakout-sdl\breakout-sdl\x64\debug\breakout-sdl.tlog\link.read.1.tlog
c:\users\dpali\documents\c++ projects\breakout-sdl\breakout-sdl\x64\debug\breakout-sdl.tlog\link.write.1.tlog
